Arguments: 
  /usr/bin/node /home/doublebridges/.yarn/bin/yarn.js add sematic-ui-react axios styled components react-router-dom

PATH: 
  /home/doublebridges/.yarn/bin:/home/doublebridges/.config/yarn/global/node_modules/.bin:/home/doublebridges/.cargo/bin:/home/doublebridges/.yarn/bin:/home/doublebridges/.config/yarn/global/node_modules/.bin:/home/doublebridges/.cargo/bin:/usr/local/sbin:/usr/local/bin:/usr/sbin:/usr/bin:/sbin:/bin:/usr/games:/usr/local/games:/snap/bin

Yarn version: 
  1.17.3

Node version: 
  8.10.0

Platform: 
  linux x64

Trace: 
  Error: https://registry.yarnpkg.com/sematic-ui-react: Not found
      at Request.params.callback [as _callback] (/home/doublebridges/.yarn/lib/cli.js:66830:18)
      at Request.self.callback (/home/doublebridges/.yarn/lib/cli.js:140464:22)
      at emitTwo (events.js:126:13)
      at Request.emit (events.js:214:7)
      at Request.<anonymous> (/home/doublebridges/.yarn/lib/cli.js:141436:10)
      at emitOne (events.js:116:13)
      at Request.emit (events.js:211:7)
      at IncomingMessage.<anonymous> (/home/doublebridges/.yarn/lib/cli.js:141358:12)
      at Object.onceWrapper (events.js:313:30)
      at emitNone (events.js:111:20)

npm manifest: 
  No manifest

yarn manifest: 
  No manifest

Lockfile: 
  No lockfile
